Solid Edge in 3MF konvertieren
Datum: Sunday,March 12,2023 03:16PM
Ausgabedatei: C:\Users\Felix\tubCloud\RPi\CleverCoffee\3D-Prints\Kippschalter.3mf
Autor: Unknown
Organisation: Unknown
Ausgangssystem: SOLID EDGE

Hardware:
Prozessor: Intel(R) Core(TM) i5-9300H CPU @ 2.40GHz
Betriebssystem: Windows 10 Professional
Installierter Speicher: 15.84 GB

Software-Informationen:
Parasolid-Version: 35.0.149
PSBodyshop-Version: 35.0.82
3MF-Adapterversion:11.0.82
Solid Edge-Version: 223.00.00.101 x64

3MF-Exportoptionen
Konstruktionsvolumen exportieren: Aus
Angezeigte Teile exportieren: Aus
Protokollierung aktivieren:Ein
AllowInvalid3mfObjects:Aus
Reduzierte Baugruppe exportieren:On
Einheiten exportieren:Millimeters
Toleranzwert exportieren:1.250000
Toleranztyp exportieren:Custom
Flächenplanwinkelwert exportieren:0.523599
Autor exportieren:Unknown
Beschreibung exportieren:Unknown
Organisation exportieren:Unknown
Programmname exportieren:Unknown

Konvertierungsfortschritt:
Phase 1 von 1 - Parasolid in Fremddatentypen konvertieren...
Konvertierungsvorgang ist abgeschlossen
Zum Konvertieren benötigte Zeit:00 : 00 : 00
